=== Discovery Logger Started ===
Start Time: 08/07/2025 11:02:54
PowerShell Version: 5.1.26100.4652
OS: Microsoft Windows 11 Home Single Language
Log File: C:\ProgramData\CustomSecurityLogs\CUSTOM_LOGGERS\Discovery_20250807_110254.log
================================
[2025-08-07 11:02:55] [INFO] Registry access detected | EventID: 12 | Process: C:\Windows\System32\WindowsPowerShell\v1.0\powershell.exe | Technique: T1012 - Query Registry | Additional: Key: HKLM\System\CurrentControlSet\Services\Tcpip\Parameters
[2025-08-07 11:02:55] [INFO] Registry access detected | EventID: 12 | Process: C:\Windows\System32\WindowsPowerShell\v1.0\powershell.exe | Technique: T1012 - Query Registry | Additional: Key: HKLM\System\CurrentControlSet\Services\Tcpip\Parameters
[2025-08-07 11:02:55] [INFO] Registry access detected | EventID: 12 | Process: C:\Windows\System32\WindowsPowerShell\v1.0\powershell.exe | Technique: T1012 - Query Registry | Additional: Key: HKLM\System\CurrentControlSet\Services\Tcpip\Parameters
[2025-08-07 11:02:55] [INFO] Registry access detected | EventID: 12 | Process: C:\Windows\System32\WindowsPowerShell\v1.0\powershell.exe | Technique: T1012 - Query Registry | Additional: Key: HKLM\System\CurrentControlSet\Services\Tcpip\Parameters
[2025-08-07 11:02:55] [INFO] Registry access detected | EventID: 12 | Process: C:\Windows\System32\WindowsPowerShell\v1.0\powershell.exe | Technique: T1012 - Query Registry | Additional: Key: HKLM\System\CurrentControlSet\Services\Tcpip\Parameters
[2025-08-07 11:03:30] [INFO] Registry access detected | EventID: 12 | Process: C:\WINDOWS\system32\svchost.exe | Technique: T1012 - Query Registry | Additional: Key: HKLM\System\CurrentControlSet\Services\Tcpip\Parameters
[2025-08-07 11:03:30] [INFO] Registry access detected | EventID: 12 | Process: C:\WINDOWS\system32\svchost.exe | Technique: T1012 - Query Registry | Additional: Key: HKLM\System\CurrentControlSet\Services\Tcpip\Parameters
[2025-08-07 11:03:30] [INFO] Registry access detected | EventID: 12 | Process: C:\WINDOWS\system32\svchost.exe | Technique: T1012 - Query Registry | Additional: Key: HKLM\System\CurrentControlSet\Services\Tcpip\Parameters
[2025-08-07 11:03:30] [INFO] Registry access detected | EventID: 12 | Process: C:\Windows\System32\WindowsPowerShell\v1.0\powershell.exe | Technique: T1012 - Query Registry | Additional: Key: HKLM\System\CurrentControlSet\Services\Tcpip\Parameters
[2025-08-07 11:03:30] [INFO] Registry access detected | EventID: 12 | Process: C:\Windows\System32\WindowsPowerShell\v1.0\powershell.exe | Technique: T1012 - Query Registry | Additional: Key: HKLM\System\CurrentControlSet\Services\Tcpip\Parameters
[2025-08-07 11:03:30] [INFO] Registry access detected | EventID: 12 | Process: C:\Windows\System32\WindowsPowerShell\v1.0\powershell.exe | Technique: T1012 - Query Registry | Additional: Key: HKLM\System\CurrentControlSet\Services\Tcpip\Parameters
[2025-08-07 11:03:30] [INFO] Registry access detected | EventID: 12 | Process: C:\Windows\System32\WindowsPowerShell\v1.0\powershell.exe | Technique: T1012 - Query Registry | Additional: Key: HKLM\System\CurrentControlSet\Services\Tcpip\Parameters
[2025-08-07 11:03:30] [INFO] Registry access detected | EventID: 12 | Process: C:\Windows\System32\WindowsPowerShell\v1.0\powershell.exe | Technique: T1012 - Query Registry | Additional: Key: HKLM\System\CurrentControlSet\Services\Tcpip\Parameters
[2025-08-07 11:03:31] [INFO] System information discovery detected | EventID: 1 | Process: C:\Program Files\WindowsApps\Microsoft.WindowsNotepad_11.2401.26.0_x64__8wekyb3d8bbwe\Notepad\Notepad.exe | CommandLine: "C:\Program Files\WindowsApps\Microsoft.WindowsNotepad_11.2401.26.0_x64__8wekyb3d8bbwe\Notepad\Notepad.exe" "C:\ProgramData\CustomSecurityLogs\CUSTOM_LOGGERS\Discovery_20250807_110254.log" | Technique: T1082 - System Information Discovery

=== Discovery Monitoring Summary ===
Duration: 00:01:26.9216174
Techniques Detected: 2
T1012 - Query Registry: 13 events
T1082 - System Information Discovery: 1 events
=== Discovery Logger Stopped at 08/07/2025 11:04:21 ===
